
  .   ____          _            __ _ _
 /\\ / ___'_ __ _ _(_)_ __  __ _ \ \ \ \
( ( )\___ | '_ | '_| | '_ \/ _` | \ \ \ \
 \\/  ___)| |_)| | | | | || (_| |  ) ) ) )
  '  |____| .__|_| |_|_| |_\__, | / / / /
 =========|_|==============|___/=/_/_/_/
 :: Spring Boot ::        (v2.2.6.RELEASE)

2020-11-13 17:57:48.565  INFO 76994 --- [           main] c.e.demo.SecuredGateWayApplication       : Starting SecuredGateWayApplication v0.0.1-SNAPSHOT on Sunenas-MacBook-Pro.local with PID 76994 (/Users/sunenagwachha/Downloads/redis-cache-blacklisting-signout-jwts-master/target/SecuredGateWay-0.0.1-SNAPSHOT.jar started by sunenagwachha in /Users/sunenagwachha/Downloads/redis-cache-blacklisting-signout-jwts-master)
2020-11-13 17:57:48.568  INFO 76994 --- [           main] c.e.demo.SecuredGateWayApplication       : No active profile set, falling back to default profiles: default
2020-11-13 17:57:49.509  INFO 76994 --- [           main] .s.d.r.c.RepositoryConfigurationDelegate : Multiple Spring Data modules found, entering strict repository configuration mode!
2020-11-13 17:57:49.510  INFO 76994 --- [           main] .s.d.r.c.RepositoryConfigurationDelegate : Bootstrapping Spring Data Redis repositories in DEFAULT mode.
2020-11-13 17:57:49.564  INFO 76994 --- [           main] .RepositoryConfigurationExtensionSupport : Spring Data Redis - Could not safely identify store assignment for repository candidate interface com.example.demo.repository.UserRepository. If you want this repository to be a Redis repository, consider annotating your entities with one of these annotations: org.springframework.data.redis.core.RedisHash (preferred), or consider extending one of the following types with your repository: org.springframework.data.keyvalue.repository.KeyValueRepository.
2020-11-13 17:57:49.763  INFO 76994 --- [           main] .s.d.r.c.RepositoryConfigurationDelegate : Finished Spring Data repository scanning in 229ms. Found 1 Redis repository interfaces.
2020-11-13 17:57:50.101  INFO 76994 --- [           main] .s.d.r.c.RepositoryConfigurationDelegate : Multiple Spring Data modules found, entering strict repository configuration mode!
2020-11-13 17:57:50.101  INFO 76994 --- [           main] .s.d.r.c.RepositoryConfigurationDelegate : Bootstrapping Spring Data MongoDB repositories in DEFAULT mode.
2020-11-13 17:57:50.115  INFO 76994 --- [           main] .RepositoryConfigurationExtensionSupport : Spring Data MongoDB - Could not safely identify store assignment for repository candidate interface com.example.demo.repository.UserRedisRepository. If you want this repository to be a MongoDB repository, consider annotating your entities with one of these annotations: org.springframework.data.mongodb.core.mapping.Document (preferred), or consider extending one of the following types with your repository: org.springframework.data.mongodb.repository.MongoRepository.
2020-11-13 17:57:50.117  INFO 76994 --- [           main] .s.d.r.c.RepositoryConfigurationDelegate : Finished Spring Data repository scanning in 16ms. Found 1 MongoDB repository interfaces.
2020-11-13 17:57:51.102  INFO 76994 --- [           main] o.s.b.w.embedded.tomcat.TomcatWebServer  : Tomcat initialized with port(s): 2020 (http)
2020-11-13 17:57:51.113  INFO 76994 --- [           main] o.apache.catalina.core.StandardService   : Starting service [Tomcat]
2020-11-13 17:57:51.113  INFO 76994 --- [           main] org.apache.catalina.core.StandardEngine  : Starting Servlet engine: [Apache Tomcat/9.0.33]
2020-11-13 17:57:51.185  INFO 76994 --- [           main] o.a.c.c.C.[Tomcat].[localhost].[/]       : Initializing Spring embedded WebApplicationContext
2020-11-13 17:57:51.185  INFO 76994 --- [           main] o.s.web.context.ContextLoader            : Root WebApplicationContext: initialization completed in 2497 ms
2020-11-13 17:57:51.755  INFO 76994 --- [           main] org.mongodb.driver.cluster               : Cluster created with settings {hosts=[localhost:27017], mode=MULTIPLE, requiredClusterType=UNKNOWN, serverSelectionTimeout='30000 ms', maxWaitQueueSize=500}
2020-11-13 17:57:51.755  INFO 76994 --- [           main] org.mongodb.driver.cluster               : Adding discovered server localhost:27017 to client view of cluster
2020-11-13 17:57:52.962  INFO 76994 --- [localhost:27017] org.mongodb.driver.connection            : Opened connection [connectionId{localValue:1, serverValue:7}] to localhost:27017
2020-11-13 17:57:52.970  INFO 76994 --- [localhost:27017] org.mongodb.driver.cluster               : Monitor thread successfully connected to server with description ServerDescription{address=localhost:27017, type=STANDALONE, state=CONNECTED, ok=true, version=ServerVersion{versionList=[4, 4, 0]}, minWireVersion=0, maxWireVersion=9, maxDocumentSize=16777216, logicalSessionTimeoutMinutes=30, roundTripTimeNanos=5836883}
2020-11-13 17:57:52.972  INFO 76994 --- [localhost:27017] org.mongodb.driver.cluster               : Discovered cluster type of STANDALONE
2020-11-13 17:57:53.440  INFO 76994 --- [           main] o.s.b.a.e.web.EndpointLinksResolver      : Exposing 2 endpoint(s) beneath base path '/actuator'
2020-11-13 17:57:53.466  INFO 76994 --- [           main] o.s.s.web.DefaultSecurityFilterChain     : Creating filter chain: any request, [org.springframework.security.web.context.request.async.WebAsyncManagerIntegrationFilter@2f62ea70, org.springframework.security.web.context.SecurityContextPersistenceFilter@74a6f9c1, org.springframework.security.web.header.HeaderWriterFilter@79dc5318, org.springframework.web.filter.CorsFilter@24ba9639, org.springframework.security.web.authentication.logout.LogoutFilter@f107c50, com.example.demo.config.JwtRequestFilter@6fa34d52, org.springframework.security.web.savedrequest.RequestCacheAwareFilter@45a37759, org.springframework.security.web.servletapi.SecurityContextHolderAwareRequestFilter@2d778add, org.springframework.security.web.authentication.AnonymousAuthenticationFilter@38aa816f, org.springframework.security.web.session.SessionManagementFilter@37e4d7bb, org.springframework.security.web.access.ExceptionTranslationFilter@3af0a9da, org.springframework.security.web.access.intercept.FilterSecurityInterceptor@2b76ff4e]
2020-11-13 17:57:53.538  INFO 76994 --- [           main] o.s.s.concurrent.ThreadPoolTaskExecutor  : Initializing ExecutorService 'applicationTaskExecutor'
2020-11-13 17:57:53.785  INFO 76994 --- [           main] o.s.b.w.embedded.tomcat.TomcatWebServer  : Tomcat started on port(s): 2020 (http) with context path ''
2020-11-13 17:57:53.787  INFO 76994 --- [           main] c.e.demo.SecuredGateWayApplication       : Started SecuredGateWayApplication in 5.92 seconds (JVM running for 6.697)
2020-11-13 17:58:59.940  INFO 76994 --- [nio-2020-exec-2] o.a.c.c.C.[Tomcat].[localhost].[/]       : Initializing Spring DispatcherServlet 'dispatcherServlet'
2020-11-13 17:58:59.941  INFO 76994 --- [nio-2020-exec-2] o.s.web.servlet.DispatcherServlet        : Initializing Servlet 'dispatcherServlet'
2020-11-13 17:58:59.949  INFO 76994 --- [nio-2020-exec-2] o.s.web.servlet.DispatcherServlet        : Completed initialization in 8 ms
2020-11-13 17:58:59.979  WARN 76994 --- [nio-2020-exec-2] c.example.demo.config.JwtRequestFilter   : JWT Token does not begin with Bearer String
2020-11-13 17:59:01.498  INFO 76994 --- [nio-2020-exec-2] org.mongodb.driver.connection            : Opened connection [connectionId{localValue:2, serverValue:9}] to localhost:27017
2020-11-13 18:01:04.814  INFO 76994 --- [nio-2020-exec-5] io.lettuce.core.EpollProvider            : Starting without optional epoll library
2020-11-13 18:01:04.816  INFO 76994 --- [nio-2020-exec-5] io.lettuce.core.KqueueProvider           : Starting without optional kqueue library

  .   ____          _            __ _ _
 /\\ / ___'_ __ _ _(_)_ __  __ _ \ \ \ \
( ( )\___ | '_ | '_| | '_ \/ _` | \ \ \ \
 \\/  ___)| |_)| | | | | || (_| |  ) ) ) )
  '  |____| .__|_| |_|_| |_\__, | / / / /
 =========|_|==============|___/=/_/_/_/
 :: Spring Boot ::        (v2.2.6.RELEASE)

2020-11-13 19:24:40.959  INFO 5020 --- [           main] c.e.demo.SecuredGateWayApplication       : Starting SecuredGateWayApplication v0.0.1-SNAPSHOT on Sunenas-MacBook-Pro.local with PID 5020 (/Users/sunenagwachha/Downloads/redis-cache-blacklisting-signout-jwts-master/target/SecuredGateWay-0.0.1-SNAPSHOT.jar started by sunenagwachha in /Users/sunenagwachha/Downloads/redis-cache-blacklisting-signout-jwts-master)
2020-11-13 19:24:40.969  INFO 5020 --- [           main] c.e.demo.SecuredGateWayApplication       : No active profile set, falling back to default profiles: default
2020-11-13 19:24:41.988  INFO 5020 --- [           main] .s.d.r.c.RepositoryConfigurationDelegate : Multiple Spring Data modules found, entering strict repository configuration mode!
2020-11-13 19:24:41.989  INFO 5020 --- [           main] .s.d.r.c.RepositoryConfigurationDelegate : Bootstrapping Spring Data Redis repositories in DEFAULT mode.
2020-11-13 19:24:42.034  INFO 5020 --- [           main] .RepositoryConfigurationExtensionSupport : Spring Data Redis - Could not safely identify store assignment for repository candidate interface com.example.demo.repository.UserRepository. If you want this repository to be a Redis repository, consider annotating your entities with one of these annotations: org.springframework.data.redis.core.RedisHash (preferred), or consider extending one of the following types with your repository: org.springframework.data.keyvalue.repository.KeyValueRepository.
2020-11-13 19:24:42.253  INFO 5020 --- [           main] .s.d.r.c.RepositoryConfigurationDelegate : Finished Spring Data repository scanning in 248ms. Found 1 Redis repository interfaces.
2020-11-13 19:24:42.642  INFO 5020 --- [           main] .s.d.r.c.RepositoryConfigurationDelegate : Multiple Spring Data modules found, entering strict repository configuration mode!
2020-11-13 19:24:42.642  INFO 5020 --- [           main] .s.d.r.c.RepositoryConfigurationDelegate : Bootstrapping Spring Data MongoDB repositories in DEFAULT mode.
2020-11-13 19:24:42.663  INFO 5020 --- [           main] .RepositoryConfigurationExtensionSupport : Spring Data MongoDB - Could not safely identify store assignment for repository candidate interface com.example.demo.repository.UserRedisRepository. If you want this repository to be a MongoDB repository, consider annotating your entities with one of these annotations: org.springframework.data.mongodb.core.mapping.Document (preferred), or consider extending one of the following types with your repository: org.springframework.data.mongodb.repository.MongoRepository.
2020-11-13 19:24:42.665  INFO 5020 --- [           main] .s.d.r.c.RepositoryConfigurationDelegate : Finished Spring Data repository scanning in 22ms. Found 1 MongoDB repository interfaces.
2020-11-13 19:24:43.822  INFO 5020 --- [           main] o.s.b.w.embedded.tomcat.TomcatWebServer  : Tomcat initialized with port(s): 2020 (http)
2020-11-13 19:24:43.838  INFO 5020 --- [           main] o.apache.catalina.core.StandardService   : Starting service [Tomcat]
2020-11-13 19:24:43.838  INFO 5020 --- [           main] org.apache.catalina.core.StandardEngine  : Starting Servlet engine: [Apache Tomcat/9.0.33]
2020-11-13 19:24:43.926  INFO 5020 --- [           main] o.a.c.c.C.[Tomcat].[localhost].[/]       : Initializing Spring embedded WebApplicationContext
2020-11-13 19:24:43.927  INFO 5020 --- [           main] o.s.web.context.ContextLoader            : Root WebApplicationContext: initialization completed in 2822 ms
2020-11-13 19:24:44.680  INFO 5020 --- [           main] org.mongodb.driver.cluster               : Cluster created with settings {hosts=[localhost:27017], mode=MULTIPLE, requiredClusterType=UNKNOWN, serverSelectionTimeout='30000 ms', maxWaitQueueSize=500}
2020-11-13 19:24:44.680  INFO 5020 --- [           main] org.mongodb.driver.cluster               : Adding discovered server localhost:27017 to client view of cluster
2020-11-13 19:24:44.800  INFO 5020 --- [localhost:27017] org.mongodb.driver.connection            : Opened connection [connectionId{localValue:1, serverValue:3}] to localhost:27017
2020-11-13 19:24:44.807  INFO 5020 --- [localhost:27017] org.mongodb.driver.cluster               : Monitor thread successfully connected to server with description ServerDescription{address=localhost:27017, type=STANDALONE, state=CONNECTED, ok=true, version=ServerVersion{versionList=[4, 4, 0]}, minWireVersion=0, maxWireVersion=9, maxDocumentSize=16777216, logicalSessionTimeoutMinutes=30, roundTripTimeNanos=5032060}
2020-11-13 19:24:44.809  INFO 5020 --- [localhost:27017] org.mongodb.driver.cluster               : Discovered cluster type of STANDALONE
2020-11-13 19:24:46.664  INFO 5020 --- [           main] o.s.b.a.e.web.EndpointLinksResolver      : Exposing 2 endpoint(s) beneath base path '/actuator'
2020-11-13 19:24:46.701  INFO 5020 --- [           main] o.s.s.web.DefaultSecurityFilterChain     : Creating filter chain: any request, [org.springframework.security.web.context.request.async.WebAsyncManagerIntegrationFilter@4c1f22f3, org.springframework.security.web.context.SecurityContextPersistenceFilter@479ceda0, org.springframework.security.web.header.HeaderWriterFilter@41294f8, org.springframework.web.filter.CorsFilter@598bd2ba, org.springframework.security.web.authentication.logout.LogoutFilter@7fbdb894, com.example.demo.config.JwtRequestFilter@a307a8c, org.springframework.security.web.savedrequest.RequestCacheAwareFilter@571c5681, org.springframework.security.web.servletapi.SecurityContextHolderAwareRequestFilter@38ba6ce3, org.springframework.security.web.authentication.AnonymousAuthenticationFilter@5a755cc1, org.springframework.security.web.session.SessionManagementFilter@20435c40, org.springframework.security.web.access.ExceptionTranslationFilter@2141a12, org.springframework.security.web.access.intercept.FilterSecurityInterceptor@64bce832]
2020-11-13 19:24:46.799  INFO 5020 --- [           main] o.s.s.concurrent.ThreadPoolTaskExecutor  : Initializing ExecutorService 'applicationTaskExecutor'
2020-11-13 19:24:47.108  INFO 5020 --- [           main] o.s.b.w.embedded.tomcat.TomcatWebServer  : Tomcat started on port(s): 2020 (http) with context path ''
2020-11-13 19:24:47.111  INFO 5020 --- [           main] c.e.demo.SecuredGateWayApplication       : Started SecuredGateWayApplication in 6.869 seconds (JVM running for 7.492)
2020-11-13 19:24:51.131  INFO 5020 --- [nio-2020-exec-1] o.a.c.c.C.[Tomcat].[localhost].[/]       : Initializing Spring DispatcherServlet 'dispatcherServlet'
2020-11-13 19:24:51.132  INFO 5020 --- [nio-2020-exec-1] o.s.web.servlet.DispatcherServlet        : Initializing Servlet 'dispatcherServlet'
2020-11-13 19:24:51.147  INFO 5020 --- [nio-2020-exec-1] o.s.web.servlet.DispatcherServlet        : Completed initialization in 13 ms
2020-11-13 19:24:51.185  WARN 5020 --- [nio-2020-exec-1] c.example.demo.config.JwtRequestFilter   : JWT Token does not begin with Bearer String
2020-11-13 19:24:51.711  INFO 5020 --- [nio-2020-exec-1] org.mongodb.driver.connection            : Opened connection [connectionId{localValue:2, serverValue:4}] to localhost:27017
2020-11-13 19:24:59.127  WARN 5020 --- [nio-2020-exec-3] c.example.demo.config.JwtRequestFilter   : JWT Token does not begin with Bearer String
2020-11-13 19:25:05.039  INFO 5020 --- [nio-2020-exec-4] io.lettuce.core.EpollProvider            : Starting without optional epoll library
2020-11-13 19:25:05.043  INFO 5020 --- [nio-2020-exec-4] io.lettuce.core.KqueueProvider           : Starting without optional kqueue library
2020-11-13 19:25:27.365  WARN 5020 --- [nio-2020-exec-7] c.example.demo.config.JwtRequestFilter   : JWT Token does not begin with Bearer String
2020-11-13 20:22:32.847  WARN 5020 --- [nio-2020-exec-4] c.example.demo.config.JwtRequestFilter   : JWT Token does not begin with Bearer String
2020-11-13 21:07:43.580  INFO 5020 --- [xecutorLoop-1-1] i.l.core.protocol.ConnectionWatchdog     : Reconnecting, last destination was localhost/127.0.0.1:6379
2020-11-13 21:07:43.643  WARN 5020 --- [ioEventLoop-4-2] i.l.core.protocol.ConnectionWatchdog     : Cannot reconnect to [localhost:6379]: Connection refused: localhost/127.0.0.1:6379
2020-11-13 21:07:48.286  INFO 5020 --- [extShutdownHook] o.s.s.concurrent.ThreadPoolTaskExecutor  : Shutting down ExecutorService 'applicationTaskExecutor'
2020-11-13 21:07:48.317  INFO 5020 --- [extShutdownHook] org.mongodb.driver.connection            : Closed connection [connectionId{localValue:2, serverValue:4}] to localhost:27017 because the pool has been closed.

  .   ____          _            __ _ _
 /\\ / ___'_ __ _ _(_)_ __  __ _ \ \ \ \
( ( )\___ | '_ | '_| | '_ \/ _` | \ \ \ \
 \\/  ___)| |_)| | | | | || (_| |  ) ) ) )
  '  |____| .__|_| |_|_| |_\__, | / / / /
 =========|_|==============|___/=/_/_/_/
 :: Spring Boot ::        (v2.2.6.RELEASE)

2020-11-13 21:47:09.381  INFO 2611 --- [           main] c.e.demo.SecuredGateWayApplication       : Starting SecuredGateWayApplication v0.0.1-SNAPSHOT on Sunenas-MacBook-Pro.local with PID 2611 (/Users/sunenagwachha/Downloads/redis-cache-blacklisting-signout-jwts-master/target/SecuredGateWay-0.0.1-SNAPSHOT.jar started by sunenagwachha in /Users/sunenagwachha/Downloads/redis-cache-blacklisting-signout-jwts-master)
2020-11-13 21:47:09.386  INFO 2611 --- [           main] c.e.demo.SecuredGateWayApplication       : No active profile set, falling back to default profiles: default
2020-11-13 21:47:10.418  INFO 2611 --- [           main] .s.d.r.c.RepositoryConfigurationDelegate : Multiple Spring Data modules found, entering strict repository configuration mode!
2020-11-13 21:47:10.419  INFO 2611 --- [           main] .s.d.r.c.RepositoryConfigurationDelegate : Bootstrapping Spring Data Redis repositories in DEFAULT mode.
2020-11-13 21:47:10.497  INFO 2611 --- [           main] .RepositoryConfigurationExtensionSupport : Spring Data Redis - Could not safely identify store assignment for repository candidate interface com.example.demo.repository.UserRepository. If you want this repository to be a Redis repository, consider annotating your entities with one of these annotations: org.springframework.data.redis.core.RedisHash (preferred), or consider extending one of the following types with your repository: org.springframework.data.keyvalue.repository.KeyValueRepository.
2020-11-13 21:47:10.723  INFO 2611 --- [           main] .s.d.r.c.RepositoryConfigurationDelegate : Finished Spring Data repository scanning in 274ms. Found 1 Redis repository interfaces.
2020-11-13 21:47:11.147  INFO 2611 --- [           main] .s.d.r.c.RepositoryConfigurationDelegate : Multiple Spring Data modules found, entering strict repository configuration mode!
2020-11-13 21:47:11.148  INFO 2611 --- [           main] .s.d.r.c.RepositoryConfigurationDelegate : Bootstrapping Spring Data MongoDB repositories in DEFAULT mode.
2020-11-13 21:47:11.169  INFO 2611 --- [           main] .RepositoryConfigurationExtensionSupport : Spring Data MongoDB - Could not safely identify store assignment for repository candidate interface com.example.demo.repository.UserRedisRepository. If you want this repository to be a MongoDB repository, consider annotating your entities with one of these annotations: org.springframework.data.mongodb.core.mapping.Document (preferred), or consider extending one of the following types with your repository: org.springframework.data.mongodb.repository.MongoRepository.
2020-11-13 21:47:11.173  INFO 2611 --- [           main] .s.d.r.c.RepositoryConfigurationDelegate : Finished Spring Data repository scanning in 24ms. Found 1 MongoDB repository interfaces.
2020-11-13 21:47:12.259  INFO 2611 --- [           main] o.s.b.w.embedded.tomcat.TomcatWebServer  : Tomcat initialized with port(s): 2020 (http)
2020-11-13 21:47:12.273  INFO 2611 --- [           main] o.apache.catalina.core.StandardService   : Starting service [Tomcat]
2020-11-13 21:47:12.274  INFO 2611 --- [           main] org.apache.catalina.core.StandardEngine  : Starting Servlet engine: [Apache Tomcat/9.0.33]
2020-11-13 21:47:12.375  INFO 2611 --- [           main] o.a.c.c.C.[Tomcat].[localhost].[/]       : Initializing Spring embedded WebApplicationContext
2020-11-13 21:47:12.375  INFO 2611 --- [           main] o.s.web.context.ContextLoader            : Root WebApplicationContext: initialization completed in 2886 ms
2020-11-13 21:47:13.060  INFO 2611 --- [           main] org.mongodb.driver.cluster               : Cluster created with settings {hosts=[localhost:27017], mode=MULTIPLE, requiredClusterType=UNKNOWN, serverSelectionTimeout='30000 ms', maxWaitQueueSize=500}
2020-11-13 21:47:13.061  INFO 2611 --- [           main] org.mongodb.driver.cluster               : Adding discovered server localhost:27017 to client view of cluster
2020-11-13 21:47:14.829  INFO 2611 --- [           main] o.s.b.a.e.web.EndpointLinksResolver      : Exposing 2 endpoint(s) beneath base path '/actuator'
2020-11-13 21:47:14.861  INFO 2611 --- [           main] o.s.s.web.DefaultSecurityFilterChain     : Creating filter chain: any request, [org.springframework.security.web.context.request.async.WebAsyncManagerIntegrationFilter@2f62ea70, org.springframework.security.web.context.SecurityContextPersistenceFilter@74a6f9c1, org.springframework.security.web.header.HeaderWriterFilter@79dc5318, org.springframework.web.filter.CorsFilter@24ba9639, org.springframework.security.web.authentication.logout.LogoutFilter@f107c50, com.example.demo.config.JwtRequestFilter@6fa34d52, org.springframework.security.web.savedrequest.RequestCacheAwareFilter@45a37759, org.springframework.security.web.servletapi.SecurityContextHolderAwareRequestFilter@2d778add, org.springframework.security.web.authentication.AnonymousAuthenticationFilter@38aa816f, org.springframework.security.web.session.SessionManagementFilter@37e4d7bb, org.springframework.security.web.access.ExceptionTranslationFilter@3af0a9da, org.springframework.security.web.access.intercept.FilterSecurityInterceptor@2b76ff4e]
2020-11-13 21:47:14.938  INFO 2611 --- [           main] o.s.s.concurrent.ThreadPoolTaskExecutor  : Initializing ExecutorService 'applicationTaskExecutor'
2020-11-13 21:47:15.153  INFO 2611 --- [           main] o.s.b.w.embedded.tomcat.TomcatWebServer  : Tomcat started on port(s): 2020 (http) with context path ''
2020-11-13 21:47:15.155  INFO 2611 --- [           main] c.e.demo.SecuredGateWayApplication       : Started SecuredGateWayApplication in 6.456 seconds (JVM running for 7.152)
2020-11-13 21:47:16.402  INFO 2611 --- [localhost:27017] org.mongodb.driver.connection            : Opened connection [connectionId{localValue:1, serverValue:1}] to localhost:27017
2020-11-13 21:47:16.410  INFO 2611 --- [localhost:27017] org.mongodb.driver.cluster               : Monitor thread successfully connected to server with description ServerDescription{address=localhost:27017, type=STANDALONE, state=CONNECTED, ok=true, version=ServerVersion{versionList=[4, 4, 0]}, minWireVersion=0, maxWireVersion=9, maxDocumentSize=16777216, logicalSessionTimeoutMinutes=30, roundTripTimeNanos=4901610}
2020-11-13 21:47:16.411  INFO 2611 --- [localhost:27017] org.mongodb.driver.cluster               : Discovered cluster type of STANDALONE
2020-11-13 21:47:28.970  INFO 2611 --- [nio-2020-exec-1] o.a.c.c.C.[Tomcat].[localhost].[/]       : Initializing Spring DispatcherServlet 'dispatcherServlet'
2020-11-13 21:47:28.971  INFO 2611 --- [nio-2020-exec-1] o.s.web.servlet.DispatcherServlet        : Initializing Servlet 'dispatcherServlet'
2020-11-13 21:47:28.980  INFO 2611 --- [nio-2020-exec-1] o.s.web.servlet.DispatcherServlet        : Completed initialization in 9 ms
2020-11-13 21:47:29.009  WARN 2611 --- [nio-2020-exec-1] c.example.demo.config.JwtRequestFilter   : JWT Token does not begin with Bearer String
2020-11-13 21:47:29.372  INFO 2611 --- [nio-2020-exec-1] org.mongodb.driver.connection            : Opened connection [connectionId{localValue:2, serverValue:2}] to localhost:27017
2020-11-13 21:50:25.994  INFO 2611 --- [nio-2020-exec-4] io.lettuce.core.EpollProvider            : Starting without optional epoll library
2020-11-13 21:50:26.000  INFO 2611 --- [nio-2020-exec-4] io.lettuce.core.KqueueProvider           : Starting without optional kqueue library
2020-11-13 22:00:59.997  INFO 2611 --- [xecutorLoop-1-3] i.l.core.protocol.ConnectionWatchdog     : Reconnecting, last destination was localhost/127.0.0.1:6379
2020-11-13 22:01:00.035  WARN 2611 --- [ioEventLoop-4-2] i.l.core.protocol.ConnectionWatchdog     : Cannot reconnect to [localhost:6379]: Connection refused: localhost/127.0.0.1:6379
